<?xml version="1.0" encoding="UTF-8"?>
<testng-results skipped="0" failed="0" total="1" passed="1">
  <reporter-output>
  </reporter-output>
  <suite name="Default suite" duration-ms="52070" started-at="2020-02-02T07:23:21Z" finished-at="2020-02-02T07:24:13Z">
    <groups>
    </groups>
    <test name="Default test" duration-ms="52070" started-at="2020-02-02T07:23:21Z" finished-at="2020-02-02T07:24:13Z">
      <class name="Test.Login_Script">
        <test-method status="PASS" signature="opnAplctn()[pri:0, instance:Test.Login_Script@48eff760]" name="opnAplctn" is-config="true" duration-ms="20631" started-at="2020-02-02T12:53:21Z" finished-at="2020-02-02T12:53:42Z">
          <reporter-output>
          </reporter-output>
        </test-method> <!-- opnAplctn -->
        <test-method status="PASS" signature="flipLogin()[pri:0, instance:Test.Login_Script@48eff760]" name="flipLogin" duration-ms="23681" started-at="2020-02-02T12:53:42Z" finished-at="2020-02-02T12:54:06Z">
          <reporter-output>
          </reporter-output>
        </test-method> <!-- flipLogin -->
        <test-method status="PASS" signature="closeApplctn()[pri:0, instance:Test.Login_Script@48eff760]" name="closeApplctn" is-config="true" duration-ms="7716" started-at="2020-02-02T12:54:06Z" finished-at="2020-02-02T12:54:13Z">
          <reporter-output>
          </reporter-output>
        </test-method> <!-- closeApplctn -->
      </class> <!-- Test.Login_Script -->
    </test> <!-- Default test -->
  </suite> <!-- Default suite -->
</testng-results>
